<?xml version="1.0" encoding="UTF-8"?>
<!-- Generated by org.testng.reporters.JUnitReportReporter -->
<testsuite skipped="0" hostname="CDC2-D-CH1NXJ2" name="Package_1.Class_c" tests="1" failures="0" timestamp="16 Jul 2019 12:35:36 GMT" time="53.149" errors="0">
  <testcase name="f" time="53.149" classname="Package_1.Class_c"/>
</testsuite> <!-- Package_1.Class_c -->
