<?xml version="1.0" encoding="UTF-8"?>
<!-- Generated by org.testng.reporters.JUnitReportReporter -->
<testsuite skipped="0" hostname="CDC2-D-CH1NXJ2" name="Package_1.NewTest" tests="1" failures="0" timestamp="16 Jul 2019 05:00:05 GMT" time="15.340" errors="0">
  <testcase name="f" time="15.340" classname="Package_1.NewTest"/>
</testsuite> <!-- Package_1.NewTest -->
