<?xml version="1.0" encoding="UTF-8"?>
<!-- Generated by org.testng.reporters.JUnitReportReporter -->
<testsuite skipped="0" hostname="CDC2-D-CH1NXJ2" name="Package_1.Class_d" tests="1" failures="0" timestamp="16 Jul 2019 04:45:51 GMT" time="17.205" errors="0">
  <testcase name="f" time="17.205" classname="Package_1.Class_d"/>
</testsuite> <!-- Package_1.Class_d -->
