<?xml version="1.0" encoding="UTF-8"?>
<!-- Generated by org.testng.reporters.JUnitReportReporter -->
<testsuite skipped="0" hostname="CDC2-D-CH1NXJ2" name="Package_1.OnlineShoppingTest" tests="4" failures="0" timestamp="17 Jul 2019 10:16:38 GMT" time="161.375" errors="0">
  <testcase name="testregistration" time="85.300" classname="Package_1.OnlineShoppingTest"/>
  <testcase name="testLogin" time="23.388" classname="Package_1.OnlineShoppingTest"/>
  <testcase name="testCart" time="7.197" classname="Package_1.OnlineShoppingTest"/>
  <testcase name="testPayment" time="45.490" classname="Package_1.OnlineShoppingTest"/>
</testsuite> <!-- Package_1.OnlineShoppingTest -->
